<?xml version="1.0" encoding="UTF-8"?>
<testsuite xmlns:xsi="http://www.w3.org/2001/XMLSchema-instance" xsi:noNamespaceSchemaLocation="https://maven.apache.org/surefire/maven-surefire-plugin/xsd/surefire-test-report.xsd" version="3.0.2" name="com.obra_social.solicitud_consulta_medica.SolicitudConsultaMedicaApplicationTests" time="2.844" tests="1" errors="0" skipped="0" failures="0">
  <properties>
[...]
</properties>
  <testcase name="contextLoads" classname="com.obra_social.solicitud_consulta_medica.SolicitudConsultaMedicaApplicationTests" time="0.475">
    <system-out><![CDATA[22:14:50.223 [main] INFO org.springframework.test.context.support.AnnotationConfigContextLoaderUtils -- Could not detect default configuration classes for test class [com.obra_social.solicitud_consulta_medica.SolicitudConsultaMedicaApplicationTests]: SolicitudConsultaMedicaApplicationTests does not declare any static, non-private, non-final, nested classes annotated with @Configuration.
22:14:50.329 [main] INFO org.springframework.boot.test.context.SpringBootTestContextBootstrapper -- Found @SpringBootConfiguration com.obra_social.solicitud_consulta_medica.SolicitudConsultaMedicaApplication for test class com.obra_social.solicitud_consulta_medica.SolicitudConsultaMedicaApplicationTests
22:14:50.483 [main] INFO org.springframework.boot.devtools.restart.RestartApplicationListener -- Restart disabled due to context in which it is running

  .   ____          _            __ _ _
 /\\ / ___'_ __ _ _(_)_ __  __ _ \ \ \ \
( ( )\___ | '_ | '_| | '_ \/ _` | \ \ \ \
 \\/  ___)| |_)| | | | | || (_| |  ) ) ) )
  '  |____| .__|_| |_|_| |_\__, | / / / /
 =========|_|==============|___/=/_/_/_/

 :: Spring Boot ::                (v3.5.0)

2025-06-03 22:14:50.831 INFO  [           main] .SolicitudConsultaMedicaApplicationTests : Starting SolicitudConsultaMedicaApplicationTests using Java 21.0.6 with PID 14476 (started by migue in C:\Users\migue\Desktop\Bpmn\EJERCICIO\solicitud_consulta_medica)
 2025-06-03 22:14:50.831 INFO  [           main] .SolicitudConsultaMedicaApplicationTests : No active profile set, falling back to 1 default profile: "default"
 2025-06-03 22:14:50.860 WARN  [           main] c.p.CamundaClientPropertiesPostProcessor : Legacy property 'camunda.client.zeebe.request-timeout' found, setting to 'camunda.client.request-timeout'. Please update your setup to use the latest property
 2025-06-03 22:14:50.860 WARN  [           main] c.p.CamundaClientPropertiesPostProcessor : No 'camunda.client.auth.method' detected, will be set to 'none'
 2025-06-03 22:14:52.253 INFO  [           main] z.s.c.c.ZeebeClientProdAutoConfiguration : Creating zeebeClient using zeebeClientConfiguration [io.camunda.zeebe.spring.client.configuration.ZeebeClientConfigurationImpl@721bf7ad]
 2025-06-03 22:14:52.433 INFO  [           main] .SolicitudConsultaMedicaApplicationTests : Started SolicitudConsultaMedicaApplicationTests in 1.96 seconds (process running for 2.816)
 ]]></system-out>
    <system-err><![CDATA[Mockito is currently self-attaching to enable the inline-mock-maker. This will no longer work in future releases of the JDK. Please add Mockito as an agent to your build as described in Mockito's documentation: https://javadoc.io/doc/org.mockito/mockito-core/latest/org.mockito/org/mockito/Mockito.html#0.3
WARNING: A Java agent has been loaded dynamically (C:\Users\migue\.m2\repository\net\bytebuddy\byte-buddy-agent\1.17.5\byte-buddy-agent-1.17.5.jar)
WARNING: If a serviceability tool is in use, please run with -XX:+EnableDynamicAgentLoading to hide this warning
WARNING: If a serviceability tool is not in use, please run with -Djdk.instrument.traceUsage for more information
WARNING: Dynamic loading of agents will be disallowed by default in a future release
]]></system-err>
  </testcase>
</testsuite>